Jul 17, 2018 8:43:51 PM HadoopHighBidPriced main
INFO: Starting...
18/07/17 20:43:53 INFO client.RMProxy: Connecting to ResourceManager at sandbox-hdp.hortonworks.com/172.18.0.2:8032
18/07/17 20:43:53 INFO client.AHSProxy: Connecting to Application History server at sandbox-hdp.hortonworks.com/172.18.0.2:10200
18/07/17 20:43:54 INFO input.FileInputFormat: Total input paths to process : 9
18/07/17 20:43:54 INFO mapreduce.JobSubmitter: number of splits:12
18/07/17 20:43:54 INFO mapreduce.JobSubmitter: Submitting tokens for job: job_1531846728760_0018
18/07/17 20:43:54 INFO impl.YarnClientImpl: Submitted application application_1531846728760_0018
18/07/17 20:43:54 INFO mapreduce.Job: The url to track the job: http://sandbox-hdp.hortonworks.com:8088/proxy/application_1531846728760_0018/
18/07/17 20:43:54 INFO mapreduce.Job: Running job: job_1531846728760_0018
18/07/17 20:44:04 INFO mapreduce.Job: Job job_1531846728760_0018 running in uber mode : false
18/07/17 20:44:04 INFO mapreduce.Job:  map 0% reduce 0%
18/07/17 20:44:36 INFO mapreduce.Job:  map 1% reduce 0%
18/07/17 20:44:43 INFO mapreduce.Job:  map 2% reduce 0%
18/07/17 20:44:46 INFO mapreduce.Job:  map 3% reduce 0%
18/07/17 20:44:51 INFO mapreduce.Job:  map 4% reduce 0%
18/07/17 20:44:52 INFO mapreduce.Job:  map 5% reduce 0%
18/07/17 20:44:55 INFO mapreduce.Job:  map 6% reduce 0%
18/07/17 20:44:58 INFO mapreduce.Job:  map 7% reduce 0%
18/07/17 20:45:01 INFO mapreduce.Job:  map 8% reduce 0%
18/07/17 20:45:04 INFO mapreduce.Job:  map 9% reduce 0%
18/07/17 20:45:10 INFO mapreduce.Job:  map 10% reduce 0%
18/07/17 20:45:11 INFO mapreduce.Job:  map 11% reduce 0%
18/07/17 20:45:14 INFO mapreduce.Job:  map 12% reduce 0%
18/07/17 20:45:17 INFO mapreduce.Job:  map 13% reduce 0%
18/07/17 20:45:20 INFO mapreduce.Job:  map 14% reduce 0%
18/07/17 20:45:23 INFO mapreduce.Job:  map 15% reduce 0%
18/07/17 20:45:27 INFO mapreduce.Job:  map 16% reduce 0%
18/07/17 20:45:29 INFO mapreduce.Job:  map 17% reduce 0%
18/07/17 20:45:33 INFO mapreduce.Job:  map 18% reduce 0%
18/07/17 20:45:35 INFO mapreduce.Job:  map 19% reduce 0%
18/07/17 20:45:38 INFO mapreduce.Job:  map 20% reduce 0%
18/07/17 20:45:42 INFO mapreduce.Job:  map 21% reduce 0%
18/07/17 20:45:45 INFO mapreduce.Job:  map 22% reduce 0%
18/07/17 20:45:47 INFO mapreduce.Job:  map 23% reduce 0%
18/07/17 20:45:49 INFO mapreduce.Job:  map 24% reduce 0%
18/07/17 20:45:52 INFO mapreduce.Job:  map 25% reduce 0%
18/07/17 20:45:54 INFO mapreduce.Job:  map 26% reduce 0%
18/07/17 20:45:57 INFO mapreduce.Job:  map 27% reduce 0%
18/07/17 20:46:00 INFO mapreduce.Job:  map 28% reduce 0%
18/07/17 20:46:04 INFO mapreduce.Job:  map 31% reduce 0%
18/07/17 20:46:06 INFO mapreduce.Job:  map 32% reduce 0%
18/07/17 20:46:09 INFO mapreduce.Job:  map 33% reduce 0%
18/07/17 20:46:13 INFO mapreduce.Job:  map 34% reduce 0%
18/07/17 20:46:16 INFO mapreduce.Job:  map 35% reduce 0%
18/07/17 20:46:19 INFO mapreduce.Job:  map 36% reduce 0%
18/07/17 20:46:23 INFO mapreduce.Job:  map 37% reduce 0%
18/07/17 20:46:27 INFO mapreduce.Job:  map 38% reduce 0%
18/07/17 20:46:30 INFO mapreduce.Job:  map 39% reduce 0%
18/07/17 20:46:33 INFO mapreduce.Job:  map 40% reduce 0%
18/07/17 20:46:36 INFO mapreduce.Job:  map 41% reduce 0%
18/07/17 20:46:39 INFO mapreduce.Job:  map 42% reduce 0%
18/07/17 20:46:42 INFO mapreduce.Job:  map 43% reduce 0%
18/07/17 20:46:45 INFO mapreduce.Job:  map 44% reduce 0%
18/07/17 20:46:48 INFO mapreduce.Job:  map 45% reduce 0%
18/07/17 20:46:52 INFO mapreduce.Job:  map 46% reduce 0%
18/07/17 20:46:55 INFO mapreduce.Job:  map 47% reduce 0%
18/07/17 20:46:58 INFO mapreduce.Job:  map 48% reduce 0%
18/07/17 20:47:02 INFO mapreduce.Job:  map 49% reduce 0%
18/07/17 20:47:05 INFO mapreduce.Job:  map 50% reduce 0%
18/07/17 20:47:09 INFO mapreduce.Job:  map 51% reduce 0%
18/07/17 20:47:12 INFO mapreduce.Job:  map 57% reduce 0%
18/07/17 20:47:14 INFO mapreduce.Job:  map 58% reduce 0%
18/07/17 20:47:17 INFO mapreduce.Job:  map 61% reduce 0%
18/07/17 20:47:19 INFO mapreduce.Job:  map 62% reduce 0%
18/07/17 20:47:20 INFO mapreduce.Job:  map 64% reduce 0%
18/07/17 20:47:22 INFO mapreduce.Job:  map 65% reduce 0%
18/07/17 20:47:26 INFO mapreduce.Job:  map 66% reduce 0%
18/07/17 20:47:29 INFO mapreduce.Job:  map 67% reduce 0%
18/07/17 20:47:32 INFO mapreduce.Job:  map 68% reduce 0%
18/07/17 20:47:35 INFO mapreduce.Job:  map 69% reduce 0%
18/07/17 20:47:38 INFO mapreduce.Job:  map 70% reduce 0%
18/07/17 20:47:41 INFO mapreduce.Job:  map 71% reduce 0%
18/07/17 20:47:42 INFO mapreduce.Job:  map 73% reduce 0%
18/07/17 20:47:44 INFO mapreduce.Job:  map 74% reduce 17%
18/07/17 20:47:46 INFO mapreduce.Job:  map 75% reduce 17%
18/07/17 20:47:47 INFO mapreduce.Job:  map 76% reduce 17%
18/07/17 20:47:53 INFO mapreduce.Job:  map 77% reduce 17%
18/07/17 20:47:57 INFO mapreduce.Job:  map 78% reduce 17%
18/07/17 20:48:00 INFO mapreduce.Job:  map 79% reduce 17%
18/07/17 20:48:01 INFO mapreduce.Job:  map 82% reduce 19%
18/07/17 20:48:05 INFO mapreduce.Job:  map 83% reduce 19%
18/07/17 20:48:08 INFO mapreduce.Job:  map 87% reduce 19%
18/07/17 20:48:10 INFO mapreduce.Job:  map 90% reduce 19%
18/07/17 20:48:11 INFO mapreduce.Job:  map 90% reduce 25%
18/07/17 20:48:12 INFO mapreduce.Job:  map 91% reduce 25%
18/07/17 20:48:16 INFO mapreduce.Job:  map 94% reduce 28%
18/07/17 20:48:18 INFO mapreduce.Job:  map 97% reduce 28%
18/07/17 20:48:19 INFO mapreduce.Job:  map 97% reduce 31%
18/07/17 20:48:21 INFO mapreduce.Job:  map 100% reduce 31%
18/07/17 20:48:22 INFO mapreduce.Job:  map 100% reduce 67%
18/07/17 20:48:23 INFO mapreduce.Job:  map 100% reduce 100%
18/07/17 20:48:25 INFO mapreduce.Job: Job job_1531846728760_0018 completed successfully
18/07/17 20:48:26 INFO mapreduce.Job: Counters: 49
        File System Counters
                FILE: Number of bytes read=169458
                FILE: Number of bytes written=2349106
                FILE: Number of read operations=0
                FILE: Number of large read operations=0
                FILE: Number of write operations=0
                HDFS: Number of bytes read=1112459768
                HDFS: Number of bytes written=4406
                HDFS: Number of read operations=39
                HDFS: Number of large read operations=0
                HDFS: Number of write operations=2
        Job Counters
                Launched map tasks=12
                Launched reduce tasks=1
                Data-local map tasks=12
                Total time spent by all maps in occupied slots (ms)=2448985
                Total time spent by all reduces in occupied slots (ms)=68395
                Total time spent by all map tasks (ms)=2448985
                Total time spent by all reduce tasks (ms)=68395
                Total vcore-milliseconds taken by all map tasks=2448985
                Total vcore-milliseconds taken by all reduce tasks=68395
                Total megabyte-milliseconds taken by all map tasks=612246250
                Total megabyte-milliseconds taken by all reduce tasks=17098750
        Map-Reduce Framework
                Map input records=3158171
                Map output records=3158171
                Map output bytes=151369935
                Map output materialized bytes=169524
                Input split bytes=1896
                Combine input records=3158171
                Combine output records=3378
                Reduce input groups=334
                Reduce shuffle bytes=169524
                Reduce input records=3378
                Reduce output records=334
                Spilled Records=6756
                Shuffled Maps =12
                Failed Shuffles=0
                Merged Map outputs=12
                GC time elapsed (ms)=191204
                CPU time spent (ms)=748890
                Physical memory (bytes) snapshot=2470760448
                Virtual memory (bytes) snapshot=25202569216
                Total committed heap usage (bytes)=1472200704
        Shuffle Errors
                BAD_ID=0
                CONNECTION=0
                IO_ERROR=0
                WRONG_LENGTH=0
                WRONG_MAP=0
                WRONG_REDUCE=0
        File Input Format Counters
                Bytes Read=1112457872
        File Output Format Counters
                Bytes Written=4406
Jul 17, 2018 8:48:26 PM HadoopHighBidPriced run
INFO: Job finished Successful - true
