Jul 17, 2018 9:04:57 PM HadoopHighBidPriced main
INFO: Starting...
18/07/17 21:04:59 INFO client.RMProxy: Connecting to ResourceManager at sandbox-hdp.hortonworks.com/172.18.0.2:8032
18/07/17 21:04:59 INFO client.AHSProxy: Connecting to Application History server at sandbox-hdp.hortonworks.com/172.18.0.2:10200
18/07/17 21:05:00 INFO input.FileInputFormat: Total input paths to process : 9
18/07/17 21:05:00 INFO mapreduce.JobSubmitter: number of splits:12
18/07/17 21:05:01 INFO mapreduce.JobSubmitter: Submitting tokens for job: job_1531846728760_0020
18/07/17 21:05:01 INFO impl.YarnClientImpl: Submitted application application_1531846728760_0020
18/07/17 21:05:01 INFO mapreduce.Job: The url to track the job: http://sandbox-hdp.hortonworks.com:8088/proxy/application_1531846728760_0020/
18/07/17 21:05:01 INFO mapreduce.Job: Running job: job_1531846728760_0020
18/07/17 21:05:10 INFO mapreduce.Job: Job job_1531846728760_0020 running in uber mode : false
18/07/17 21:05:10 INFO mapreduce.Job:  map 0% reduce 0%
18/07/17 21:05:43 INFO mapreduce.Job:  map 1% reduce 0%
18/07/17 21:05:49 INFO mapreduce.Job:  map 2% reduce 0%
18/07/17 21:07:07 INFO mapreduce.Job:  map 22% reduce 0%
18/07/17 21:07:12 INFO mapreduce.Job:  map 23% reduce 0%
18/07/17 21:07:15 INFO mapreduce.Job:  map 24% reduce 0%
18/07/17 21:07:19 INFO mapreduce.Job:  map 25% reduce 0%
18/07/17 21:07:22 INFO mapreduce.Job:  map 26% reduce 0%
18/07/17 21:07:26 INFO mapreduce.Job:  map 27% reduce 0%
18/07/17 21:07:31 INFO mapreduce.Job:  map 28% reduce 0%
18/07/17 21:07:34 INFO mapreduce.Job:  map 29% reduce 0%
18/07/17 21:07:36 INFO mapreduce.Job:  map 30% reduce 0%
18/07/17 21:07:40 INFO mapreduce.Job:  map 31% reduce 0%
18/07/17 21:07:43 INFO mapreduce.Job:  map 32% reduce 0%
18/07/17 21:07:46 INFO mapreduce.Job:  map 33% reduce 0%
18/07/17 21:07:49 INFO mapreduce.Job:  map 34% reduce 0%
18/07/17 21:07:53 INFO mapreduce.Job:  map 35% reduce 0%
18/07/17 21:07:58 INFO mapreduce.Job:  map 36% reduce 0%
18/07/17 21:08:01 INFO mapreduce.Job:  map 38% reduce 0%
18/07/17 21:08:05 INFO mapreduce.Job:  map 39% reduce 0%
18/07/17 21:08:08 INFO mapreduce.Job:  map 41% reduce 0%
18/07/17 21:08:11 INFO mapreduce.Job:  map 42% reduce 0%
18/07/17 21:08:16 INFO mapreduce.Job:  map 43% reduce 0%
18/07/17 21:08:19 INFO mapreduce.Job:  map 44% reduce 0%
18/07/17 21:08:23 INFO mapreduce.Job:  map 45% reduce 0%
18/07/17 21:08:25 INFO mapreduce.Job:  map 47% reduce 0%
18/07/17 21:08:33 INFO mapreduce.Job:  map 48% reduce 0%
18/07/17 21:08:36 INFO mapreduce.Job:  map 49% reduce 0%
18/07/17 21:08:39 INFO mapreduce.Job:  map 50% reduce 0%
18/07/17 21:08:42 INFO mapreduce.Job:  map 56% reduce 0%
18/07/17 21:08:45 INFO mapreduce.Job:  map 57% reduce 0%
18/07/17 21:08:53 INFO mapreduce.Job:  map 61% reduce 0%
18/07/17 21:08:56 INFO mapreduce.Job:  map 62% reduce 0%
18/07/17 21:08:59 INFO mapreduce.Job:  map 63% reduce 0%
18/07/17 21:09:05 INFO mapreduce.Job:  map 64% reduce 0%
18/07/17 21:09:08 INFO mapreduce.Job:  map 65% reduce 0%
18/07/17 21:09:11 INFO mapreduce.Job:  map 66% reduce 0%
18/07/17 21:09:14 INFO mapreduce.Job:  map 72% reduce 0%
18/07/17 21:09:15 INFO mapreduce.Job:  map 77% reduce 0%
18/07/17 21:09:18 INFO mapreduce.Job:  map 78% reduce 0%
18/07/17 21:09:24 INFO mapreduce.Job:  map 79% reduce 0%
18/07/17 21:09:30 INFO mapreduce.Job:  map 80% reduce 0%
18/07/17 21:09:42 INFO mapreduce.Job:  map 81% reduce 0%
18/07/17 21:09:48 INFO mapreduce.Job:  map 92% reduce 0%
18/07/17 21:12:22 INFO mapreduce.Job:  map 93% reduce 31%
18/07/17 21:12:26 INFO mapreduce.Job:  map 94% reduce 31%
18/07/17 21:12:29 INFO mapreduce.Job:  map 95% reduce 31%
18/07/17 21:12:35 INFO mapreduce.Job:  map 96% reduce 31%
18/07/17 21:12:38 INFO mapreduce.Job:  map 97% reduce 31%
18/07/17 21:12:39 INFO mapreduce.Job:  map 100% reduce 31%
18/07/17 21:12:41 INFO mapreduce.Job:  map 100% reduce 100%
18/07/17 21:12:46 INFO mapreduce.Job: Job job_1531846728760_0020 completed successfully
18/07/17 21:12:46 INFO mapreduce.Job: Counters: 49
        File System Counters
                FILE: Number of bytes read=169458
                FILE: Number of bytes written=2347013
                FILE: Number of read operations=0
                FILE: Number of large read operations=0
                FILE: Number of write operations=0
                HDFS: Number of bytes read=1112459768
                HDFS: Number of bytes written=4406
                HDFS: Number of read operations=39
                HDFS: Number of large read operations=0
                HDFS: Number of write operations=2
        Job Counters
                Launched map tasks=12
                Launched reduce tasks=1
                Data-local map tasks=12
                Total time spent by all maps in occupied slots (ms)=2943799
                Total time spent by all reduces in occupied slots (ms)=181702
                Total time spent by all map tasks (ms)=2943799
                Total time spent by all reduce tasks (ms)=181702
                Total vcore-milliseconds taken by all map tasks=2943799
                Total vcore-milliseconds taken by all reduce tasks=181702
                Total megabyte-milliseconds taken by all map tasks=735949750
                Total megabyte-milliseconds taken by all reduce tasks=45425500
        Map-Reduce Framework
                Map input records=3158171
                Map output records=3158171
                Map output bytes=151369935
                Map output materialized bytes=169524
                Input split bytes=1896
                Combine input records=3158171
                Combine output records=3378
                Reduce input groups=334
                Reduce shuffle bytes=169524
                Reduce input records=3378
                Reduce output records=334
                Spilled Records=6756
                Shuffled Maps =12
                Failed Shuffles=0
                Merged Map outputs=12
                GC time elapsed (ms)=144627
                CPU time spent (ms)=783550
                Physical memory (bytes) snapshot=2519851008
                Virtual memory (bytes) snapshot=25205460992
                Total committed heap usage (bytes)=1473773568
        Shuffle Errors
                BAD_ID=0
                CONNECTION=0
                IO_ERROR=0
                WRONG_LENGTH=0
                WRONG_MAP=0
                WRONG_REDUCE=0
        File Input Format Counters
                Bytes Read=1112457872
        File Output Format Counters
                Bytes Written=4406
Jul 17, 2018 9:12:46 PM HadoopHighBidPriced run
INFO: Job finished Successful - true
