Jul 17, 2018 8:53:32 PM HadoopHighBidPriced main
INFO: Starting...
18/07/17 20:53:34 INFO client.RMProxy: Connecting to ResourceManager at sandbox-hdp.hortonworks.com/172.18.0.2:8032
18/07/17 20:53:34 INFO client.AHSProxy: Connecting to Application History server at sandbox-hdp.hortonworks.com/172.18.0.2:10200
18/07/17 20:53:35 INFO input.FileInputFormat: Total input paths to process : 9
18/07/17 20:53:36 INFO mapreduce.JobSubmitter: number of splits:12
18/07/17 20:53:36 INFO mapreduce.JobSubmitter: Submitting tokens for job: job_1531846728760_0019
18/07/17 20:53:37 INFO impl.YarnClientImpl: Submitted application application_1531846728760_0019
18/07/17 20:53:37 INFO mapreduce.Job: The url to track the job: http://sandbox-hdp.hortonworks.com:8088/proxy/application_1531846728760_0019/
18/07/17 20:53:37 INFO mapreduce.Job: Running job: job_1531846728760_0019
18/07/17 20:53:46 INFO mapreduce.Job: Job job_1531846728760_0019 running in uber mode : false
18/07/17 20:53:46 INFO mapreduce.Job:  map 0% reduce 0%
18/07/17 20:54:19 INFO mapreduce.Job:  map 1% reduce 0%
18/07/17 20:54:22 INFO mapreduce.Job:  map 2% reduce 0%
18/07/17 20:54:28 INFO mapreduce.Job:  map 3% reduce 0%
18/07/17 20:54:32 INFO mapreduce.Job:  map 4% reduce 0%
18/07/17 20:54:40 INFO mapreduce.Job:  map 5% reduce 0%
18/07/17 20:54:42 INFO mapreduce.Job:  map 7% reduce 0%
18/07/17 20:54:45 INFO mapreduce.Job:  map 8% reduce 0%
18/07/17 20:54:48 INFO mapreduce.Job:  map 9% reduce 0%
18/07/17 20:54:51 INFO mapreduce.Job:  map 10% reduce 0%
18/07/17 20:54:54 INFO mapreduce.Job:  map 11% reduce 0%
18/07/17 20:54:57 INFO mapreduce.Job:  map 12% reduce 0%
18/07/17 20:55:00 INFO mapreduce.Job:  map 13% reduce 0%
18/07/17 20:55:04 INFO mapreduce.Job:  map 14% reduce 0%
18/07/17 20:55:06 INFO mapreduce.Job:  map 15% reduce 0%
18/07/17 20:55:08 INFO mapreduce.Job:  map 16% reduce 0%
18/07/17 20:55:11 INFO mapreduce.Job:  map 17% reduce 0%
18/07/17 20:55:15 INFO mapreduce.Job:  map 18% reduce 0%
18/07/17 20:55:16 INFO mapreduce.Job:  map 19% reduce 0%
18/07/17 20:55:19 INFO mapreduce.Job:  map 20% reduce 0%
18/07/17 20:55:22 INFO mapreduce.Job:  map 21% reduce 0%
18/07/17 20:55:25 INFO mapreduce.Job:  map 22% reduce 0%
18/07/17 20:55:29 INFO mapreduce.Job:  map 23% reduce 0%
18/07/17 20:55:32 INFO mapreduce.Job:  map 24% reduce 0%
18/07/17 20:55:35 INFO mapreduce.Job:  map 28% reduce 0%
18/07/17 20:55:43 INFO mapreduce.Job:  map 29% reduce 0%
18/07/17 20:55:46 INFO mapreduce.Job:  map 31% reduce 0%
18/07/17 20:55:52 INFO mapreduce.Job:  map 32% reduce 0%
18/07/17 20:55:56 INFO mapreduce.Job:  map 34% reduce 0%
18/07/17 20:55:59 INFO mapreduce.Job:  map 35% reduce 0%
18/07/17 20:56:05 INFO mapreduce.Job:  map 36% reduce 0%
18/07/17 20:56:08 INFO mapreduce.Job:  map 37% reduce 0%
18/07/17 20:56:11 INFO mapreduce.Job:  map 38% reduce 0%
18/07/17 20:56:14 INFO mapreduce.Job:  map 39% reduce 0%
18/07/17 20:56:17 INFO mapreduce.Job:  map 40% reduce 0%
18/07/17 20:56:20 INFO mapreduce.Job:  map 41% reduce 0%
18/07/17 20:56:24 INFO mapreduce.Job:  map 42% reduce 0%
18/07/17 20:56:30 INFO mapreduce.Job:  map 43% reduce 0%
18/07/17 20:56:33 INFO mapreduce.Job:  map 44% reduce 0%
18/07/17 20:56:36 INFO mapreduce.Job:  map 45% reduce 0%
18/07/17 20:56:40 INFO mapreduce.Job:  map 46% reduce 0%
18/07/17 20:56:44 INFO mapreduce.Job:  map 47% reduce 0%
18/07/17 20:56:48 INFO mapreduce.Job:  map 48% reduce 0%
18/07/17 20:56:50 INFO mapreduce.Job:  map 49% reduce 0%
18/07/17 20:56:56 INFO mapreduce.Job:  map 53% reduce 0%
18/07/17 20:56:57 INFO mapreduce.Job:  map 56% reduce 0%
18/07/17 20:57:03 INFO mapreduce.Job:  map 57% reduce 0%
18/07/17 20:57:06 INFO mapreduce.Job:  map 58% reduce 0%
18/07/17 20:57:09 INFO mapreduce.Job:  map 61% reduce 0%
18/07/17 20:57:12 INFO mapreduce.Job:  map 62% reduce 0%
18/07/17 20:57:15 INFO mapreduce.Job:  map 65% reduce 0%
18/07/17 20:57:19 INFO mapreduce.Job:  map 66% reduce 0%
18/07/17 20:57:22 INFO mapreduce.Job:  map 67% reduce 0%
18/07/17 20:57:26 INFO mapreduce.Job:  map 70% reduce 0%
18/07/17 20:57:30 INFO mapreduce.Job:  map 71% reduce 0%
18/07/17 20:57:34 INFO mapreduce.Job:  map 72% reduce 0%
18/07/17 20:57:37 INFO mapreduce.Job:  map 73% reduce 0%
18/07/17 20:57:43 INFO mapreduce.Job:  map 74% reduce 0%
18/07/17 20:57:46 INFO mapreduce.Job:  map 75% reduce 0%
18/07/17 20:57:48 INFO mapreduce.Job:  map 78% reduce 0%
18/07/17 20:57:52 INFO mapreduce.Job:  map 79% reduce 0%
18/07/17 20:57:55 INFO mapreduce.Job:  map 82% reduce 0%
18/07/17 20:58:02 INFO mapreduce.Job:  map 83% reduce 0%
18/07/17 20:58:04 INFO mapreduce.Job:  map 85% reduce 0%
18/07/17 20:58:05 INFO mapreduce.Job:  map 86% reduce 0%
18/07/17 20:58:12 INFO mapreduce.Job:  map 89% reduce 0%
18/07/17 20:58:14 INFO mapreduce.Job:  map 92% reduce 0%
18/07/17 20:58:17 INFO mapreduce.Job:  map 93% reduce 31%
18/07/17 20:58:20 INFO mapreduce.Job:  map 94% reduce 31%
18/07/17 20:58:26 INFO mapreduce.Job:  map 95% reduce 31%
18/07/17 20:58:29 INFO mapreduce.Job:  map 96% reduce 31%
18/07/17 20:58:32 INFO mapreduce.Job:  map 97% reduce 31%
18/07/17 20:58:34 INFO mapreduce.Job:  map 100% reduce 31%
18/07/17 20:58:35 INFO mapreduce.Job:  map 100% reduce 44%
18/07/17 20:58:38 INFO mapreduce.Job:  map 100% reduce 100%
18/07/17 20:58:56 INFO mapreduce.Job: Job job_1531846728760_0019 completed successfully
18/07/17 20:58:56 INFO mapreduce.Job: Counters: 49
        File System Counters
                FILE: Number of bytes read=166365
                FILE: Number of bytes written=2650316
                FILE: Number of read operations=0
                FILE: Number of large read operations=0
                FILE: Number of write operations=0
                HDFS: Number of bytes read=1112459768
                HDFS: Number of bytes written=4406
                HDFS: Number of read operations=45
                HDFS: Number of large read operations=0
                HDFS: Number of write operations=6
        Job Counters
                Launched map tasks=12
                Launched reduce tasks=3
                Data-local map tasks=12
                Total time spent by all maps in occupied slots (ms)=2542200
                Total time spent by all reduces in occupied slots (ms)=308926
                Total time spent by all map tasks (ms)=2542200
                Total time spent by all reduce tasks (ms)=308926
                Total vcore-milliseconds taken by all map tasks=2542200
                Total vcore-milliseconds taken by all reduce tasks=308926
                Total megabyte-milliseconds taken by all map tasks=635550000
                Total megabyte-milliseconds taken by all reduce tasks=77231500
        Map-Reduce Framework
                Map input records=3158171
                Map output records=3158171
                Map output bytes=151369935
                Map output materialized bytes=166563
                Input split bytes=1896
                Combine input records=3158171
                Combine output records=3378
                Reduce input groups=334
                Reduce shuffle bytes=166563
                Reduce input records=3378
                Reduce output records=334
                Spilled Records=6756
                Shuffled Maps =36
                Failed Shuffles=0
                Merged Map outputs=36
                GC time elapsed (ms)=149590
                CPU time spent (ms)=774420
                Physical memory (bytes) snapshot=2787999744
                Virtual memory (bytes) snapshot=29151940608
                Total committed heap usage (bytes)=1537212416
        Shuffle Errors
                BAD_ID=0
                CONNECTION=0
                IO_ERROR=0
                WRONG_LENGTH=0
                WRONG_MAP=0
                WRONG_REDUCE=0
        File Input Format Counters
                Bytes Read=1112457872
        File Output Format Counters
                Bytes Written=4406
Jul 17, 2018 8:58:56 PM HadoopHighBidPriced run
INFO: Job finished Successful - true
