Jul 17, 2018 8:32:52 PM HadoopHighBidPriced main
INFO: Starting...
18/07/17 20:32:54 INFO client.RMProxy: Connecting to ResourceManager at sandbox-hdp.hortonworks.com/172.18.0.2:8032
18/07/17 20:32:54 INFO client.AHSProxy: Connecting to Application History server at sandbox-hdp.hortonworks.com/172.18.0.2:10200
18/07/17 20:32:55 INFO input.FileInputFormat: Total input paths to process : 9
18/07/17 20:32:56 INFO mapreduce.JobSubmitter: number of splits:12
18/07/17 20:32:57 INFO mapreduce.JobSubmitter: Submitting tokens for job: job_1531846728760_0017
18/07/17 20:32:57 INFO impl.YarnClientImpl: Submitted application application_1531846728760_0017
18/07/17 20:32:57 INFO mapreduce.Job: The url to track the job: http://sandbox-hdp.hortonworks.com:8088/proxy/application_1531846728760_0017/
18/07/17 20:32:57 INFO mapreduce.Job: Running job: job_1531846728760_0017
18/07/17 20:33:11 INFO mapreduce.Job: Job job_1531846728760_0017 running in uber mode : false
18/07/17 20:33:11 INFO mapreduce.Job:  map 0% reduce 0%
18/07/17 20:33:45 INFO mapreduce.Job:  map 1% reduce 0%
18/07/17 20:33:51 INFO mapreduce.Job:  map 2% reduce 0%
18/07/17 20:33:54 INFO mapreduce.Job:  map 3% reduce 0%
18/07/17 20:33:58 INFO mapreduce.Job:  map 4% reduce 0%
18/07/17 20:34:00 INFO mapreduce.Job:  map 5% reduce 0%
18/07/17 20:34:04 INFO mapreduce.Job:  map 6% reduce 0%
18/07/17 20:34:07 INFO mapreduce.Job:  map 7% reduce 0%
18/07/17 20:34:10 INFO mapreduce.Job:  map 8% reduce 0%
18/07/17 20:34:12 INFO mapreduce.Job:  map 9% reduce 0%
18/07/17 20:34:14 INFO mapreduce.Job:  map 10% reduce 0%
18/07/17 20:34:17 INFO mapreduce.Job:  map 11% reduce 0%
18/07/17 20:34:20 INFO mapreduce.Job:  map 12% reduce 0%
18/07/17 20:34:24 INFO mapreduce.Job:  map 13% reduce 0%
18/07/17 20:34:26 INFO mapreduce.Job:  map 14% reduce 0%
18/07/17 20:34:29 INFO mapreduce.Job:  map 15% reduce 0%
18/07/17 20:34:32 INFO mapreduce.Job:  map 16% reduce 0%
18/07/17 20:34:35 INFO mapreduce.Job:  map 17% reduce 0%
18/07/17 20:34:37 INFO mapreduce.Job:  map 18% reduce 0%
18/07/17 20:34:40 INFO mapreduce.Job:  map 19% reduce 0%
18/07/17 20:34:44 INFO mapreduce.Job:  map 20% reduce 0%
18/07/17 20:34:47 INFO mapreduce.Job:  map 21% reduce 0%
18/07/17 20:34:49 INFO mapreduce.Job:  map 22% reduce 0%
18/07/17 20:34:53 INFO mapreduce.Job:  map 23% reduce 0%
18/07/17 20:34:56 INFO mapreduce.Job:  map 24% reduce 0%
18/07/17 20:34:58 INFO mapreduce.Job:  map 25% reduce 0%
18/07/17 20:35:00 INFO mapreduce.Job:  map 26% reduce 0%
18/07/17 20:35:03 INFO mapreduce.Job:  map 27% reduce 0%
18/07/17 20:35:06 INFO mapreduce.Job:  map 28% reduce 0%
18/07/17 20:35:09 INFO mapreduce.Job:  map 31% reduce 0%
18/07/17 20:35:11 INFO mapreduce.Job:  map 32% reduce 0%
18/07/17 20:35:13 INFO mapreduce.Job:  map 33% reduce 0%
18/07/17 20:35:17 INFO mapreduce.Job:  map 34% reduce 0%
18/07/17 20:35:20 INFO mapreduce.Job:  map 35% reduce 0%
18/07/17 20:35:24 INFO mapreduce.Job:  map 36% reduce 0%
18/07/17 20:35:28 INFO mapreduce.Job:  map 37% reduce 0%
18/07/17 20:35:31 INFO mapreduce.Job:  map 38% reduce 0%
18/07/17 20:35:34 INFO mapreduce.Job:  map 39% reduce 0%
18/07/17 20:35:38 INFO mapreduce.Job:  map 40% reduce 0%
18/07/17 20:35:41 INFO mapreduce.Job:  map 41% reduce 0%
18/07/17 20:35:44 INFO mapreduce.Job:  map 42% reduce 0%
18/07/17 20:35:47 INFO mapreduce.Job:  map 43% reduce 0%
18/07/17 20:35:50 INFO mapreduce.Job:  map 44% reduce 0%
18/07/17 20:35:53 INFO mapreduce.Job:  map 45% reduce 0%
18/07/17 20:35:57 INFO mapreduce.Job:  map 46% reduce 0%
18/07/17 20:36:00 INFO mapreduce.Job:  map 47% reduce 0%
18/07/17 20:36:04 INFO mapreduce.Job:  map 48% reduce 0%
18/07/17 20:36:06 INFO mapreduce.Job:  map 49% reduce 0%
18/07/17 20:36:11 INFO mapreduce.Job:  map 52% reduce 0%
18/07/17 20:36:12 INFO mapreduce.Job:  map 53% reduce 0%
18/07/17 20:36:15 INFO mapreduce.Job:  map 54% reduce 0%
18/07/17 20:36:19 INFO mapreduce.Job:  map 57% reduce 0%
18/07/17 20:36:21 INFO mapreduce.Job:  map 58% reduce 0%
18/07/17 20:36:25 INFO mapreduce.Job:  map 59% reduce 0%
18/07/17 20:36:29 INFO mapreduce.Job:  map 60% reduce 0%
18/07/17 20:36:30 INFO mapreduce.Job:  map 63% reduce 0%
18/07/17 20:36:35 INFO mapreduce.Job:  map 64% reduce 0%
18/07/17 20:36:39 INFO mapreduce.Job:  map 67% reduce 0%
18/07/17 20:36:41 INFO mapreduce.Job:  map 67% reduce 3%
18/07/17 20:36:42 INFO mapreduce.Job:  map 68% reduce 3%
18/07/17 20:36:44 INFO mapreduce.Job:  map 68% reduce 7%
18/07/17 20:36:46 INFO mapreduce.Job:  map 69% reduce 7%
18/07/17 20:36:47 INFO mapreduce.Job:  map 72% reduce 7%
18/07/17 20:36:50 INFO mapreduce.Job:  map 72% reduce 8%
18/07/17 20:36:51 INFO mapreduce.Job:  map 73% reduce 8%
18/07/17 20:36:54 INFO mapreduce.Job:  map 74% reduce 13%
18/07/17 20:36:59 INFO mapreduce.Job:  map 74% reduce 17%
18/07/17 20:37:00 INFO mapreduce.Job:  map 75% reduce 17%
18/07/17 20:37:03 INFO mapreduce.Job:  map 76% reduce 17%
18/07/17 20:37:06 INFO mapreduce.Job:  map 79% reduce 17%
18/07/17 20:37:07 INFO mapreduce.Job:  map 80% reduce 17%
18/07/17 20:37:08 INFO mapreduce.Job:  map 80% reduce 19%
18/07/17 20:37:10 INFO mapreduce.Job:  map 81% reduce 19%
18/07/17 20:37:13 INFO mapreduce.Job:  map 82% reduce 19%
18/07/17 20:37:14 INFO mapreduce.Job:  map 85% reduce 20%
18/07/17 20:37:15 INFO mapreduce.Job:  map 85% reduce 21%
18/07/17 20:37:16 INFO mapreduce.Job:  map 86% reduce 21%
18/07/17 20:37:17 INFO mapreduce.Job:  map 86% reduce 22%
18/07/17 20:37:21 INFO mapreduce.Job:  map 87% reduce 22%
18/07/17 20:37:23 INFO mapreduce.Job:  map 90% reduce 22%
18/07/17 20:37:24 INFO mapreduce.Job:  map 90% reduce 24%
18/07/17 20:37:25 INFO mapreduce.Job:  map 90% reduce 25%
18/07/17 20:37:26 INFO mapreduce.Job:  map 91% reduce 25%
18/07/17 20:37:31 INFO mapreduce.Job:  map 92% reduce 25%
18/07/17 20:37:35 INFO mapreduce.Job:  map 100% reduce 26%
18/07/17 20:37:36 INFO mapreduce.Job:  map 100% reduce 28%
18/07/17 20:37:37 INFO mapreduce.Job:  map 100% reduce 31%
18/07/17 20:37:38 INFO mapreduce.Job:  map 100% reduce 50%
18/07/17 20:37:39 INFO mapreduce.Job:  map 100% reduce 67%
18/07/17 20:37:40 INFO mapreduce.Job:  map 100% reduce 83%
18/07/17 20:37:41 INFO mapreduce.Job:  map 100% reduce 100%
18/07/17 20:37:50 INFO mapreduce.Job: Job job_1531846728760_0017 completed successfully
18/07/17 20:37:51 INFO mapreduce.Job: Counters: 49
        File System Counters
                FILE: Number of bytes read=737883
                FILE: Number of bytes written=3950692
                FILE: Number of read operations=0
                FILE: Number of large read operations=0
                FILE: Number of write operations=0
                HDFS: Number of bytes read=1112459768
                HDFS: Number of bytes written=13647
                HDFS: Number of read operations=48
                HDFS: Number of large read operations=0
                HDFS: Number of write operations=8
        Job Counters
                Launched map tasks=12
                Launched reduce tasks=4
                Data-local map tasks=12
                Total time spent by all maps in occupied slots (ms)=2472508
                Total time spent by all reduces in occupied slots (ms)=312063
                Total time spent by all map tasks (ms)=2472508
                Total time spent by all reduce tasks (ms)=312063
                Total vcore-milliseconds taken by all map tasks=2472508
                Total vcore-milliseconds taken by all reduce tasks=312063
                Total megabyte-milliseconds taken by all map tasks=618127000
                Total megabyte-milliseconds taken by all reduce tasks=78015750
        Map-Reduce Framework
                Map input records=3158171
                Map output records=3158171
                Map output bytes=151369935
                Map output materialized bytes=738147
                Input split bytes=1896
                Combine input records=3158171
                Combine output records=10100
                Reduce input groups=1104
                Reduce shuffle bytes=738147
                Reduce input records=10100
                Reduce output records=1104
                Spilled Records=20200
                Shuffled Maps =48
                Failed Shuffles=0
                Merged Map outputs=48
                GC time elapsed (ms)=193821
                CPU time spent (ms)=791120
                Physical memory (bytes) snapshot=2972729344
                Virtual memory (bytes) snapshot=31116402688
                Total committed heap usage (bytes)=1603272704
        Shuffle Errors
                BAD_ID=0
                CONNECTION=0
                IO_ERROR=0
                WRONG_LENGTH=0
                WRONG_MAP=0
                WRONG_REDUCE=0
        File Input Format Counters
                Bytes Read=1112457872
        File Output Format Counters
                Bytes Written=13647
Jul 17, 2018 8:37:51 PM HadoopHighBidPriced run
INFO: Job finished Successful - true
